La génération a démarré 03/03/2016 10:14:54.
     1>Projet "C:\Users\ensimag\Documents\ProgMath\RegArch16 v120\TestCPlusPlus\TestCPlusPlus.vcxproj" sur le nœud 2 (Build cible(s)).
     1>ClCompile:
         C:\Program Files (x86)\Microsoft Visual Studio 12.0\VC\bin\CL.exe /c /I"C:\Users\ensimag\Documents\ProgMath\gsl-dir\gsl-include" /I"C:\Users\ensimag\Documents\ProgMath\nlopt-dir\nlopt-include" /I"C:\Users\ensimag\Documents\ProgMath\RegArch16 v120\Error" /I"C:\Users\ensimag\Documents\ProgMath\RegArch16 v120\VectorAndMatrix" /I"C:\Users\ensimag\Documents\ProgMath\RegArch16 v120\WrapperGslCpp" /I"C:\Users\ensimag\Documents\ProgMath\RegArch16 v120\WrapperNloptCpp" /I"C:\Users\ensimag\Documents\ProgMath\RegArch16 v120\RegArchLib" /ZI /nologo /W3 /WX- /Od /Oy- /D WIN32 /D _DEBUG /D _CONSOLE /D _UNICODE /D UNICODE /Gm /EHsc /RTC1 /MDd /GS /fp:precise /Zc:wchar_t /Zc:forScope /Yc"StdAfxTestCPlusPlus.h" /Fp"C:\Users\ensimag\Documents\ProgMath\RegArch16 v120\Obj\Debug\Win32\TestCPlusPlus\TestCPlusPlus.pch" /Fo"C:\Users\ensimag\Documents\ProgMath\RegArch16 v120\Obj\Debug\Win32\TestCPlusPlus\\" /Fd"C:\Users\ensimag\Documents\ProgMath\RegArch16 v120\Obj\Debug\Win32\TestCPlusPlus\vc120.pdb" /Gd /TP /wd4255 /analyze- /errorReport:prompt TestCPlusPlus.cpp TestVectorAndMatrix.cpp
         TestVectorAndMatrix.cpp
     1>c:\users\ensimag\documents\progmath\regarch16 v120\regarchlib\cregarchmodel.h(6): fatal error C1083: Impossible d'ouvrir le fichier include : 'cCondVar.h' : No such file or directory
         TestCPlusPlus.cpp
     1>c:\users\ensimag\documents\progmath\regarch16 v120\regarchlib\cregarchmodel.h(6): fatal error C1083: Impossible d'ouvrir le fichier include : 'cCondVar.h' : No such file or directory
     1>Génération du projet "C:\Users\ensimag\Documents\ProgMath\RegArch16 v120\TestCPlusPlus\TestCPlusPlus.vcxproj" terminée (Build cible(s)) -- ÉCHEC.

ÉCHEC de la build.

Temps écoulé 00:00:01.17
